\BOOKMARK [1][-]{section.1}{\376\377\000C\000l\000a\000s\000s\000i\000c\000a\000l\000\040\000K\000m\000e\000a\000n\000s}{}% 1
\BOOKMARK [2][-]{subsection.1.1}{\376\377\225\356\230\230\200\314\146\157\116\016\173\046\123\367\210\150\171\072}{section.1}% 2
\BOOKMARK [2][-]{subsection.1.2}{\376\377\166\356\150\007\121\375\145\160\166\204\122\006\127\127\117\030\123\026\140\035\140\363}{section.1}% 3
\BOOKMARK [3][-]{subsubsection.1.2.1}{\376\377\176\331\133\232\116\055\137\303\124\016\166\204\147\000\117\030\122\006\221\115}{subsection.1.2}% 4
\BOOKMARK [3][-]{subsubsection.1.2.2}{\376\377\176\331\133\232\122\006\221\115\124\016\166\204\147\000\117\030\116\055\137\303}{subsection.1.2}% 5
\BOOKMARK [2][-]{subsection.1.3}{\376\377\176\317\121\170\000\040\000K\000M\000e\000a\000n\000s\000\040\173\227\154\325\217\355\116\343\155\101\172\013}{section.1}% 6
\BOOKMARK [1][-]{section.2}{\376\377\000K\000m\000e\000a\000n\000s\000+\000+}{}% 7
\BOOKMARK [2][-]{subsection.2.1}{\376\377\150\070\137\303\140\035\140\363}{section.2}% 8
\BOOKMARK [2][-]{subsection.2.2}{\376\377\122\035\131\313\123\026\173\227\154\325\166\204\145\160\133\146\153\145\232\244}{section.2}% 9
\BOOKMARK [2][-]{subsection.2.3}{\376\377\173\227\154\325\143\317\217\360}{section.2}% 10
\BOOKMARK [1][-]{section.3}{\376\377\000H\000a\000r\000t\000i\000g\000a\000n\000\040\000\046\000\040\000W\000o\000n\000g\000\040\000\050\0001\0009\0007\0009\000\051}{}% 11
\BOOKMARK [2][-]{subsection.3.1}{\376\377\220\020\160\271\144\054\171\373\166\204\140\035\140\363}{section.3}% 12
\BOOKMARK [2][-]{subsection.3.2}{\376\377\173\227\154\325\153\145\232\244}{section.3}% 13
\BOOKMARK [1][-]{section.4}{\376\377\000E\000l\000k\000a\000n\000\040\122\240\220\037\162\110}{}% 14
\BOOKMARK [2][-]{subsection.4.1}{\376\377\116\073\211\201\140\035\140\363}{section.4}% 15
\BOOKMARK [2][-]{subsection.4.2}{\376\377\173\227\154\325\150\106\147\266}{section.4}% 16
\BOOKMARK [1][-]{section.5}{\376\377\000M\000i\000n\000i\000-\000B\000a\000t\000c\000h\000\040\000K\000M\000e\000a\000n\000s}{}% 17
\BOOKMARK [2][-]{subsection.5.1}{\376\377\116\073\211\201\140\035\140\363}{section.5}% 18
\BOOKMARK [2][-]{subsection.5.2}{\376\377\173\227\154\325\150\106\147\266}{section.5}% 19
\BOOKMARK [1][-]{section.6}{\376\377\000B\000i\000s\000e\000c\000t\000i\000n\000g\000\040\000K\000M\000e\000a\000n\000s}{}% 20
\BOOKMARK [2][-]{subsection.6.1}{\376\377\116\073\211\201\140\035\140\363}{section.6}% 21
\BOOKMARK [2][-]{subsection.6.2}{\376\377\173\227\154\325\150\106\147\266}{section.6}% 22
\BOOKMARK [1][-]{section.7}{\376\377\122\250\140\001\200\132\174\173}{}% 23
\BOOKMARK [2][-]{subsection.7.1}{\376\377\225\356\230\230\143\317\217\360}{section.7}% 24
\BOOKMARK [2][-]{subsection.7.2}{\376\377\145\160\133\146\136\372\152\041}{section.7}% 25
\BOOKMARK [2][-]{subsection.7.3}{\376\377\173\227\154\325\155\101\172\013}{section.7}% 26
\BOOKMARK [2][-]{subsection.7.4}{\376\377\131\015\147\102\136\246\122\006\147\220}{section.7}% 27
\BOOKMARK [3][-]{subsubsection.7.4.1}{\376\377\130\236\221\317\143\007\155\076\000\040\000C\000o\000m\000p\000l\000e\000x\000i\000t\000y\000\040\000o\000f\000\040\000A\000s\000s\000i\000g\000n\000m\000e\000n\000t}{subsection.7.4}% 28
\BOOKMARK [3][-]{subsubsection.7.4.2}{\376\377\116\055\137\303\146\364\145\260\000\040\000C\000o\000m\000p\000l\000e\000x\000i\000t\000y\000\040\000o\000f\000\040\000U\000p\000d\000a\000t\000e}{subsection.7.4}% 29
\BOOKMARK [3][-]{subsubsection.7.4.3}{\376\377\174\007\142\306\122\006\000\040\000C\000o\000m\000p\000l\000e\000x\000i\000t\000y\000\040\000o\000f\000\040\000S\000p\000l\000i\000t}{subsection.7.4}% 30
\BOOKMARK [2][-]{subsection.7.5}{\376\377\145\164\117\123\131\015\147\102\136\246\000\040\000O\000v\000e\000r\000a\000l\000l\000\040\000C\000o\000m\000p\000l\000e\000x\000i\000t\000y}{section.7}% 31
\BOOKMARK [1][-]{section.8}{\376\377\172\013\136\217\176\323\147\234}{}% 32
